<?xml version="1.0" encoding="UTF-8"?>
<!-- Generated by org.testng.reporters.JUnitReportReporter -->
<testsuite skipped="0" hostname="Aymaans-Air" name="test" tests="1" failures="0" timestamp="2022-12-10T18:02:10 CST" time="0.410" errors="0">
  <testcase name="login3" time="0.410" classname="test"/>
  <system-out/>
</testsuite> <!-- test -->
